Watching for file changes with StatReloader
Watching for file changes with StatReloader
"GET / HTTP/1.1" 200 40
"GET /about/ HTTP/1.1" 200 11
K:\GeekBrains\Python Web Development\Django\project\mydjango\mydjango\settings.py changed, reloading.
INFO 2023-09-30 22:17:09,709 autoreload 19748 8640 Watching for file changes with StatReloader
INFO 2023-09-30 22:17:09,923 basehttp 19748 14036 "GET /about/ HTTP/1.1" 200 11
INFO 2023-09-30 22:17:15,401 basehttp 19748 14036 "GET / HTTP/1.1" 200 40
WARNING 2023-09-30 22:17:21,584 log 19748 14036 Not Found: /fg
WARNING 2023-09-30 22:17:21,585 basehttp 19748 14036 "GET /fg HTTP/1.1" 404 2413
INFO 2023-09-30 22:17:52,673 basehttp 19748 14036 "GET /about/ HTTP/1.1" 200 11
INFO 2023-10-01 17:16:24,800 autoreload 28548 23900 Watching for file changes with StatReloader
INFO 2023-10-01 17:16:53,767 basehttp 28548 3624 "GET / HTTP/1.1" 200 40
WARNING 2023-10-01 17:16:54,262 log 28548 3624 Not Found: /favicon.ico
WARNING 2023-10-01 17:16:54,263 basehttp 28548 3624 "GET /favicon.ico HTTP/1.1" 404 2440
INFO 2023-10-01 17:48:15,054 autoreload 31824 29964 Watching for file changes with StatReloader
INFO 2023-10-01 17:48:29,736 autoreload 31880 32632 Watching for file changes with StatReloader
INFO 2023-10-01 17:48:47,397 autoreload 31880 32632 K:\GeekBrains\Python Web Development\Django\project\mydjango\gemesapp\urls.py changed, reloading.
INFO 2023-10-01 17:48:47,990 autoreload 29592 13216 Watching for file changes with StatReloader
WARNING 2023-10-01 17:49:04,188 log 29592 32852 Not Found: /eagle
WARNING 2023-10-01 17:49:04,189 basehttp 29592 32852 "GET /eagle HTTP/1.1" 404 2589
INFO 2023-10-01 17:49:21,224 autoreload 29592 13216 K:\GeekBrains\Python Web Development\Django\project\mydjango\gemesapp\urls.py changed, reloading.
INFO 2023-10-01 17:49:21,824 autoreload 33264 33268 Watching for file changes with StatReloader
WARNING 2023-10-01 17:49:22,955 log 33264 33340 Not Found: /eagle
WARNING 2023-10-01 17:49:22,955 basehttp 33264 33340 "GET /eagle HTTP/1.1" 404 2590
INFO 2023-10-01 17:49:30,373 autoreload 33264 33268 K:\GeekBrains\Python Web Development\Django\project\mydjango\gemesapp\urls.py changed, reloading.
INFO 2023-10-01 17:49:30,934 autoreload 33468 33472 Watching for file changes with StatReloader
INFO 2023-10-01 17:49:31,068 basehttp 33468 33492 "GET /eagle HTTP/1.1" 301 0
INFO 2023-10-01 17:49:31,299 basehttp 33468 33504 "GET /eagle/ HTTP/1.1" 200 8
INFO 2023-10-01 17:49:32,886 basehttp 33468 33504 "GET /eagle/ HTTP/1.1" 200 8
INFO 2023-10-01 17:49:33,874 basehttp 33468 33504 "GET /eagle/ HTTP/1.1" 200 10
INFO 2023-10-01 17:49:34,781 basehttp 33468 33504 "GET /eagle/ HTTP/1.1" 200 10
INFO 2023-10-01 17:49:35,594 basehttp 33468 33668 "GET /eagle/ HTTP/1.1" 200 10
INFO 2023-10-01 17:49:36,372 basehttp 33468 33668 "GET /eagle/ HTTP/1.1" 200 8
INFO 2023-10-01 17:49:37,021 basehttp 33468 33668 "GET /eagle/ HTTP/1.1" 200 10
INFO 2023-10-01 17:49:37,514 basehttp 33468 33668 "GET /eagle/ HTTP/1.1" 200 10
INFO 2023-10-01 17:49:38,017 basehttp 33468 33668 "GET /eagle/ HTTP/1.1" 200 10
INFO 2023-10-01 17:49:38,466 basehttp 33468 33668 "GET /eagle/ HTTP/1.1" 200 10
INFO 2023-10-01 17:49:38,883 basehttp 33468 33668 "GET /eagle/ HTTP/1.1" 200 8
INFO 2023-10-01 19:21:12,471 autoreload 33468 33472 K:\GeekBrains\Python Web Development\Django\project\mydjango\gemesapp\views.py changed, reloading.
INFO 2023-10-01 19:21:13,494 autoreload 32616 30664 Watching for file changes with StatReloader
INFO 2023-10-01 19:21:43,579 autoreload 32616 30664 K:\GeekBrains\Python Web Development\Django\project\mydjango\gemesapp\views.py changed, reloading.
INFO 2023-10-01 19:21:44,128 autoreload 32760 29624 Watching for file changes with StatReloader
INFO 2023-10-01 19:22:26,342 autoreload 32760 29624 K:\GeekBrains\Python Web Development\Django\project\mydjango\gemesapp\views.py changed, reloading.
INFO 2023-10-01 19:22:27,260 autoreload 32040 32888 Watching for file changes with StatReloader
INFO 2023-10-01 19:22:37,863 autoreload 32040 32888 K:\GeekBrains\Python Web Development\Django\project\mydjango\gemesapp\urls.py changed, reloading.
INFO 2023-10-01 19:22:38,403 autoreload 32196 27472 Watching for file changes with StatReloader
WARNING 2023-10-01 19:22:44,160 log 32196 36780 Not Found: /cube
WARNING 2023-10-01 19:22:44,160 basehttp 32196 36780 "GET /cube HTTP/1.1" 404 2751
INFO 2023-10-01 19:23:03,416 autoreload 32196 27472 K:\GeekBrains\Python Web Development\Django\project\mydjango\gemesapp\urls.py changed, reloading.
INFO 2023-10-01 19:23:04,008 autoreload 32592 36740 Watching for file changes with StatReloader
INFO 2023-10-01 19:23:05,184 basehttp 32592 34200 "GET /cube HTTP/1.1" 301 0
INFO 2023-10-01 19:23:05,190 basehttp 32592 28328 "GET /cube/ HTTP/1.1" 200 1
INFO 2023-10-01 19:23:07,497 basehttp 32592 28328 "GET /cube/ HTTP/1.1" 200 1
INFO 2023-10-01 19:23:08,445 basehttp 32592 28328 "GET /cube/ HTTP/1.1" 200 1
INFO 2023-10-01 19:23:09,597 basehttp 32592 28328 "GET /cube/ HTTP/1.1" 200 1
INFO 2023-10-01 19:23:10,159 basehttp 32592 28328 "GET /cube/ HTTP/1.1" 200 1
INFO 2023-10-01 19:23:10,986 basehttp 32592 28328 "GET /cube/ HTTP/1.1" 200 1
INFO 2023-10-01 19:23:11,660 basehttp 32592 28328 "GET /cube/ HTTP/1.1" 200 1
INFO 2023-10-01 19:23:12,297 basehttp 32592 28328 "GET /cube/ HTTP/1.1" 200 1
INFO 2023-10-01 19:23:12,843 basehttp 32592 28328 "GET /cube/ HTTP/1.1" 200 1
INFO 2023-10-01 19:23:13,408 basehttp 32592 28328 "GET /cube/ HTTP/1.1" 200 1
INFO 2023-10-01 19:23:14,061 basehttp 32592 28328 "GET /cube/ HTTP/1.1" 200 1
INFO 2023-10-01 19:23:14,670 basehttp 32592 28328 "GET /cube/ HTTP/1.1" 200 1
INFO 2023-10-01 19:23:15,307 basehttp 32592 18348 "GET /cube/ HTTP/1.1" 200 1
INFO 2023-10-01 19:23:15,913 basehttp 32592 18348 "GET /cube/ HTTP/1.1" 200 1
INFO 2023-10-01 19:23:16,725 basehttp 32592 18348 "GET /cube/ HTTP/1.1" 200 1
INFO 2023-10-01 19:23:17,439 basehttp 32592 18348 "GET /cube/ HTTP/1.1" 200 1
INFO 2023-10-01 19:23:18,093 basehttp 32592 18348 "GET /cube/ HTTP/1.1" 200 1
INFO 2023-10-01 19:23:18,627 basehttp 32592 18348 "GET /cube/ HTTP/1.1" 200 1
INFO 2023-10-01 19:23:19,323 basehttp 32592 18348 "GET /cube/ HTTP/1.1" 200 1
INFO 2023-10-01 19:23:19,851 basehttp 32592 18348 "GET /cube/ HTTP/1.1" 200 1
INFO 2023-10-01 19:23:20,394 basehttp 32592 18348 "GET /cube/ HTTP/1.1" 200 1
INFO 2023-10-01 19:23:20,897 basehttp 32592 18348 "GET /cube/ HTTP/1.1" 200 1
INFO 2023-10-01 19:23:21,410 basehttp 32592 18348 "GET /cube/ HTTP/1.1" 200 1
INFO 2023-10-01 19:23:21,910 basehttp 32592 18348 "GET /cube/ HTTP/1.1" 200 1
INFO 2023-10-01 19:23:22,542 basehttp 32592 18348 "GET /cube/ HTTP/1.1" 200 1
INFO 2023-10-01 19:24:22,313 autoreload 32592 36740 K:\GeekBrains\Python Web Development\Django\project\mydjango\gemesapp\views.py changed, reloading.
INFO 2023-10-01 19:24:23,140 autoreload 29568 35272 Watching for file changes with StatReloader
INFO 2023-10-01 19:25:53,408 autoreload 29568 35272 K:\GeekBrains\Python Web Development\Django\project\mydjango\gemesapp\views.py changed, reloading.
INFO 2023-10-01 19:25:54,020 autoreload 34220 36836 Watching for file changes with StatReloader
INFO 2023-10-01 19:25:57,424 basehttp 34220 29256 "GET /cube/ HTTP/1.1" 200 1
INFO 2023-10-01 19:26:29,174 basehttp 34220 29256 "GET /random_number HTTP/1.1" 301 0
INFO 2023-10-01 19:26:29,179 basehttp 34220 34808 "GET /random_number/ HTTP/1.1" 200 1
INFO 2023-10-01 19:26:35,669 basehttp 34220 34808 "GET /random_number/ HTTP/1.1" 200 2
INFO 2023-10-01 19:26:36,372 basehttp 34220 34808 "GET /random_number/ HTTP/1.1" 200 2
INFO 2023-10-01 19:26:37,107 basehttp 34220 34808 "GET /random_number/ HTTP/1.1" 200 2
INFO 2023-10-01 19:26:37,749 basehttp 34220 34808 "GET /random_number/ HTTP/1.1" 200 1
INFO 2023-10-01 19:26:38,350 basehttp 34220 34808 "GET /random_number/ HTTP/1.1" 200 2
INFO 2023-10-01 19:26:39,017 basehttp 34220 34808 "GET /random_number/ HTTP/1.1" 200 2
INFO 2023-10-01 19:26:39,587 basehttp 34220 34808 "GET /random_number/ HTTP/1.1" 200 2
INFO 2023-10-01 19:26:40,170 basehttp 34220 34808 "GET /random_number/ HTTP/1.1" 200 2
INFO 2023-10-01 19:26:40,735 basehttp 34220 34808 "GET /random_number/ HTTP/1.1" 200 2
INFO 2023-10-01 19:26:41,269 basehttp 34220 34808 "GET /random_number/ HTTP/1.1" 200 2
INFO 2023-10-01 19:26:41,753 basehttp 34220 34808 "GET /random_number/ HTTP/1.1" 200 2
INFO 2023-10-01 19:26:42,040 basehttp 34220 34808 "GET /random_number/ HTTP/1.1" 200 1
INFO 2023-10-01 19:26:42,251 basehttp 34220 34808 "GET /random_number/ HTTP/1.1" 200 2
INFO 2023-10-01 19:29:57,341 autoreload 34220 36836 K:\GeekBrains\Python Web Development\Django\project\mydjango\mydjango\settings.py changed, reloading.
INFO 2023-10-01 19:29:58,252 autoreload 33128 32816 Watching for file changes with StatReloader
INFO 2023-10-01 19:29:58,568 basehttp 33128 32364 "GET /random_number/ HTTP/1.1" 200 2
INFO 2023-10-01 19:30:00,385 basehttp 33128 32364 "GET /random_number/ HTTP/1.1" 200 2
INFO 2023-10-01 19:30:00,634 basehttp 33128 29244 "GET /random_number/ HTTP/1.1" 200 2
INFO 2023-10-01 19:30:00,954 basehttp 33128 29244 "GET /random_number/ HTTP/1.1" 200 2
INFO 2023-10-01 19:30:01,182 basehttp 33128 29244 "GET /random_number/ HTTP/1.1" 200 2
INFO 2023-10-01 19:31:41,977 autoreload 33128 32816 K:\GeekBrains\Python Web Development\Django\project\mydjango\gemesapp\views.py changed, reloading.
INFO 2023-10-01 19:31:42,783 autoreload 33604 34824 Watching for file changes with StatReloader
INFO 2023-10-01 19:33:10,391 autoreload 33604 34824 K:\GeekBrains\Python Web Development\Django\project\mydjango\gemesapp\views.py changed, reloading.
INFO 2023-10-01 19:33:11,046 autoreload 32952 33968 Watching for file changes with StatReloader
INFO 2023-10-01 19:36:10,035 autoreload 32952 33968 K:\GeekBrains\Python Web Development\Django\project\mydjango\gemesapp\views.py changed, reloading.
INFO 2023-10-01 19:36:10,912 autoreload 33800 33548 Watching for file changes with StatReloader
INFO 2023-10-01 19:36:28,669 autoreload 33800 33548 K:\GeekBrains\Python Web Development\Django\project\mydjango\gemesapp\views.py changed, reloading.
INFO 2023-10-01 19:36:29,372 autoreload 29144 33216 Watching for file changes with StatReloader
INFO 2023-10-01 19:36:37,913 views 29144 35940 60
INFO 2023-10-01 19:36:37,915 basehttp 29144 35940 "GET /random_number/ HTTP/1.1" 200 33
INFO 2023-10-01 19:36:38,541 views 29144 35940 55
INFO 2023-10-01 19:36:38,541 basehttp 29144 35940 "GET /random_number/ HTTP/1.1" 200 33
INFO 2023-10-01 19:36:39,169 views 29144 35940 52
INFO 2023-10-01 19:36:39,169 basehttp 29144 35940 "GET /random_number/ HTTP/1.1" 200 33
INFO 2023-10-01 19:36:39,709 views 29144 35940 100
INFO 2023-10-01 19:36:39,709 basehttp 29144 35940 "GET /random_number/ HTTP/1.1" 200 34
INFO 2023-10-01 19:36:40,457 views 29144 35940 36
INFO 2023-10-01 19:36:40,457 basehttp 29144 35940 "GET /random_number/ HTTP/1.1" 200 33
INFO 2023-10-01 19:36:41,418 views 29144 33448 42
INFO 2023-10-01 19:36:41,419 basehttp 29144 33448 "GET /random_number/ HTTP/1.1" 200 33
INFO 2023-10-01 19:38:55,463 autoreload 29144 33216 K:\GeekBrains\Python Web Development\Django\project\mydjango\mydjango\settings.py changed, reloading.
INFO 2023-10-01 19:38:56,170 autoreload 33992 25688 Watching for file changes with StatReloader
INFO 2023-10-01 19:39:08,957 views 33992 32480 Кубик показал: 4
INFO 2023-10-01 19:39:08,959 basehttp 33992 32480 "GET /cube/ HTTP/1.1" 200 1
INFO 2023-10-01 19:39:11,275 views 33992 36048 Кубик показал: 2
INFO 2023-10-01 19:39:11,276 basehttp 33992 36048 "GET /cube/ HTTP/1.1" 200 1
INFO 2023-10-01 19:39:12,754 views 33992 36048 Кубик показал: 2
INFO 2023-10-01 19:39:12,755 basehttp 33992 36048 "GET /cube/ HTTP/1.1" 200 1
INFO 2023-10-01 19:39:13,884 views 33992 36048 Кубик показал: 1
INFO 2023-10-01 19:39:13,884 basehttp 33992 36048 "GET /cube/ HTTP/1.1" 200 1
INFO 2023-10-01 19:41:17,547 views 33992 33228 Орел или решка: решка
INFO 2023-10-01 19:41:17,547 basehttp 33992 33228 "GET /eagle/ HTTP/1.1" 200 10
INFO 2023-10-01 19:41:20,847 views 33992 33228 Орел или решка: решка
INFO 2023-10-01 19:41:20,848 basehttp 33992 33228 "GET /eagle/ HTTP/1.1" 200 10
INFO 2023-10-01 19:41:21,711 views 33992 32864 Орел или решка: орел
INFO 2023-10-01 19:41:21,712 basehttp 33992 32864 "GET /eagle/ HTTP/1.1" 200 8
INFO 2023-10-01 19:41:23,365 views 33992 32864 Орел или решка: орел
INFO 2023-10-01 19:41:23,365 basehttp 33992 32864 "GET /eagle/ HTTP/1.1" 200 8
INFO 2023-10-01 19:41:23,952 views 33992 32864 Орел или решка: орел
INFO 2023-10-01 19:41:23,953 basehttp 33992 32864 "GET /eagle/ HTTP/1.1" 200 8
INFO 2023-10-01 19:57:06,761 autoreload 34860 31152 Watching for file changes with StatReloader
INFO 2023-10-01 19:59:05,163 autoreload 34860 31152 K:\GeekBrains\Python Web Development\Django\project\mydjango\hw_1app\views.py changed, reloading.
INFO 2023-10-01 19:59:05,728 autoreload 33128 33336 Watching for file changes with StatReloader
INFO 2023-10-01 20:03:04,720 autoreload 33128 33336 K:\GeekBrains\Python Web Development\Django\project\mydjango\hw_1app\views.py changed, reloading.
INFO 2023-10-01 20:03:05,384 autoreload 34080 33544 Watching for file changes with StatReloader
INFO 2023-10-01 20:03:54,046 basehttp 34080 32588 "GET /hw1/home HTTP/1.1" 301 0
INFO 2023-10-01 20:03:54,052 basehttp 34080 3360 "GET /hw1/home/ HTTP/1.1" 200 0
INFO 2023-10-01 20:04:22,531 autoreload 34080 33544 K:\GeekBrains\Python Web Development\Django\project\mydjango\hw_1app\urls.py changed, reloading.
INFO 2023-10-01 20:04:23,103 autoreload 36412 27668 Watching for file changes with StatReloader
WARNING 2023-10-01 20:04:31,294 log 36412 28124 Not Found: /hw1
WARNING 2023-10-01 20:04:31,295 basehttp 36412 28124 "GET /hw1 HTTP/1.1" 404 3035
WARNING 2023-10-01 20:05:12,401 log 36412 29376 Not Found: /home
WARNING 2023-10-01 20:05:12,401 basehttp 36412 29376 "GET /home HTTP/1.1" 404 3038
INFO 2023-10-01 20:05:38,204 autoreload 36412 27668 K:\GeekBrains\Python Web Development\Django\project\mydjango\hw_1app\urls.py changed, reloading.
INFO 2023-10-01 20:05:38,788 autoreload 28172 33092 Watching for file changes with StatReloader
INFO 2023-10-01 20:05:46,433 basehttp 28172 36456 "GET /hw1 HTTP/1.1" 301 0
INFO 2023-10-01 20:05:46,438 basehttp 28172 36336 "GET /hw1/ HTTP/1.1" 200 0
INFO 2023-10-01 20:06:35,806 basehttp 28172 36336 "GET /hw1/ HTTP/1.1" 200 0
INFO 2023-10-01 20:06:39,256 basehttp 28172 36336 "GET /hw1/ HTTP/1.1" 200 0
INFO 2023-10-01 20:06:39,982 basehttp 28172 36336 "GET /hw1/ HTTP/1.1" 200 0
INFO 2023-10-01 20:07:59,835 basehttp 28172 14580 "GET /hw1/ HTTP/1.1" 200 0
INFO 2023-10-01 20:08:01,367 basehttp 28172 14580 "GET /hw1/ HTTP/1.1" 200 0
INFO 2023-10-01 20:08:03,146 basehttp 28172 14580 "GET /hw1/ HTTP/1.1" 200 0
INFO 2023-10-01 20:09:57,586 basehttp 28172 33624 "GET /hw1/ HTTP/1.1" 200 0
INFO 2023-10-01 20:09:58,596 basehttp 28172 33624 "GET /hw1/ HTTP/1.1" 200 0
INFO 2023-10-01 20:09:58,785 basehttp 28172 33624 "GET /hw1/ HTTP/1.1" 200 0
INFO 2023-10-01 20:09:58,961 basehttp 28172 33624 "GET /hw1/ HTTP/1.1" 200 0
INFO 2023-10-01 20:10:15,347 basehttp 28172 34124 "GET /hw1/ HTTP/1.1" 200 0
INFO 2023-10-01 20:10:16,182 basehttp 28172 34124 "GET /hw1/ HTTP/1.1" 200 0
INFO 2023-10-01 20:10:17,198 basehttp 28172 34124 "GET /hw1/ HTTP/1.1" 200 0
INFO 2023-10-01 20:10:17,378 basehttp 28172 34124 "GET /hw1/ HTTP/1.1" 200 0
INFO 2023-10-01 20:15:44,185 autoreload 28172 33092 K:\GeekBrains\Python Web Development\Django\project\mydjango\hw_1app\views.py changed, reloading.
INFO 2023-10-01 20:15:44,926 autoreload 20368 30632 Watching for file changes with StatReloader
INFO 2023-10-01 20:15:46,943 basehttp 20368 29040 "GET /hw1/ HTTP/1.1" 200 350
INFO 2023-10-01 20:15:48,662 basehttp 20368 29040 "GET /hw1/ HTTP/1.1" 200 350
INFO 2023-10-01 20:15:49,880 basehttp 20368 36260 "GET /hw1/ HTTP/1.1" 200 350
INFO 2023-10-01 20:15:50,640 basehttp 20368 36260 "GET /hw1/ HTTP/1.1" 200 350
INFO 2023-10-01 20:16:57,916 basehttp 20368 35296 "GET /hw1/ HTTP/1.1" 200 380
INFO 2023-10-01 20:17:15,553 basehttp 20368 35164 "GET /hw1/ HTTP/1.1" 200 383
INFO 2023-10-01 20:17:19,828 basehttp 20368 29388 "GET /hw1/ HTTP/1.1" 200 383
INFO 2023-10-01 20:17:20,497 basehttp 20368 29388 "GET /hw1/ HTTP/1.1" 200 383
INFO 2023-10-01 20:23:12,103 autoreload 20368 30632 K:\GeekBrains\Python Web Development\Django\project\mydjango\hw_1app\views.py changed, reloading.
INFO 2023-10-01 20:23:12,821 autoreload 25768 33136 Watching for file changes with StatReloader
INFO 2023-10-01 20:23:12,997 basehttp 25768 27616 "GET /hw1/ HTTP/1.1" 200 549
INFO 2023-10-01 20:23:15,148 basehttp 25768 27616 "GET /hw1/ HTTP/1.1" 200 549
INFO 2023-10-01 20:23:38,204 basehttp 25768 26944 "GET /hw1/ HTTP/1.1" 200 555
INFO 2023-10-01 20:23:39,315 basehttp 25768 26944 "GET /hw1/about/ HTTP/1.1" 200 470
INFO 2023-10-01 20:23:40,364 basehttp 25768 26944 "GET /hw1/ HTTP/1.1" 200 555
INFO 2023-10-01 20:23:41,085 basehttp 25768 32308 "GET /hw1/about/ HTTP/1.1" 200 470
INFO 2023-10-01 20:23:41,590 basehttp 25768 32308 "GET /hw1/ HTTP/1.1" 200 555
INFO 2023-10-01 20:23:42,035 basehttp 25768 32308 "GET /hw1/about/ HTTP/1.1" 200 470
INFO 2023-10-01 20:23:43,197 basehttp 25768 32308 "GET /hw1/about/ HTTP/1.1" 200 470
INFO 2023-10-01 20:23:44,107 basehttp 25768 32308 "GET /hw1/about/ HTTP/1.1" 200 470
INFO 2023-10-01 20:23:44,667 basehttp 25768 32308 "GET /hw1/ HTTP/1.1" 200 555
INFO 2023-10-01 20:23:45,155 basehttp 25768 32308 "GET /hw1/about/ HTTP/1.1" 200 470
INFO 2023-10-01 20:23:45,810 basehttp 25768 32308 "GET /hw1/ HTTP/1.1" 200 555
INFO 2023-10-03 14:51:39,044 basehttp 25768 39504 "GET /hw1/about/ HTTP/1.1" 200 470
INFO 2023-10-03 14:51:40,407 basehttp 25768 39504 "GET /hw1/ HTTP/1.1" 200 555
INFO 2023-10-03 14:51:41,926 basehttp 25768 39504 "GET /hw1/about/ HTTP/1.1" 200 470
INFO 2023-10-03 14:51:42,791 basehttp 25768 37004 "GET /hw1/ HTTP/1.1" 200 555
INFO 2023-10-03 14:51:43,451 basehttp 25768 37004 "GET /hw1/about/ HTTP/1.1" 200 470
INFO 2023-10-03 14:51:44,327 basehttp 25768 37004 "GET /hw1/ HTTP/1.1" 200 555
INFO 2023-10-03 14:51:44,910 basehttp 25768 37004 "GET /hw1/about/ HTTP/1.1" 200 470
INFO 2023-10-03 15:33:10,299 basehttp 25768 26420 "GET /hw1/about/ HTTP/1.1" 200 502
WARNING 2023-10-03 15:33:10,508 log 25768 26420 Not Found: /django.jpg
WARNING 2023-10-03 15:33:10,508 basehttp 25768 26420 "GET /django.jpg HTTP/1.1" 404 3056
INFO 2023-10-03 15:33:10,675 basehttp 25768 26420 "GET /hw1/ HTTP/1.1" 200 555
INFO 2023-10-03 15:33:11,665 basehttp 25768 26420 "GET /hw1/about/ HTTP/1.1" 200 502
WARNING 2023-10-03 15:33:11,698 log 25768 26420 Not Found: /django.jpg
WARNING 2023-10-03 15:33:11,699 basehttp 25768 26420 "GET /django.jpg HTTP/1.1" 404 3056
INFO 2023-10-03 15:33:52,722 basehttp 25768 20540 "GET /hw1/ HTTP/1.1" 200 555
INFO 2023-10-03 15:33:53,737 basehttp 25768 20540 "GET /hw1/about/ HTTP/1.1" 200 502
WARNING 2023-10-03 15:33:53,774 log 25768 20540 Not Found: /django.jpg
WARNING 2023-10-03 15:33:53,775 basehttp 25768 20540 "GET /django.jpg HTTP/1.1" 404 3056
INFO 2023-10-03 15:33:54,616 basehttp 25768 20540 "GET /hw1/ HTTP/1.1" 200 555
INFO 2023-10-03 15:33:55,115 basehttp 25768 20540 "GET /hw1/about/ HTTP/1.1" 200 502
WARNING 2023-10-03 15:33:55,150 log 25768 20540 Not Found: /django.jpg
WARNING 2023-10-03 15:33:55,151 basehttp 25768 20540 "GET /django.jpg HTTP/1.1" 404 3056
INFO 2023-10-03 15:33:55,620 basehttp 25768 20540 "GET /hw1/ HTTP/1.1" 200 555
INFO 2023-10-03 15:33:56,498 basehttp 25768 20540 "GET /hw1/about/ HTTP/1.1" 200 502
WARNING 2023-10-03 15:33:56,531 log 25768 42580 Not Found: /django.jpg
WARNING 2023-10-03 15:33:56,532 basehttp 25768 42580 "GET /django.jpg HTTP/1.1" 404 3056
INFO 2023-10-03 15:33:56,995 basehttp 25768 42580 "GET /hw1/ HTTP/1.1" 200 555
INFO 2023-10-03 15:34:00,121 basehttp 25768 42580 "GET /hw1/ HTTP/1.1" 200 555
INFO 2023-10-03 15:34:01,230 basehttp 25768 42580 "GET /hw1/about/ HTTP/1.1" 200 502
WARNING 2023-10-03 15:34:01,263 log 25768 42580 Not Found: /django.jpg
WARNING 2023-10-03 15:34:01,264 basehttp 25768 42580 "GET /django.jpg HTTP/1.1" 404 3056
INFO 2023-10-03 15:34:02,046 basehttp 25768 42580 "GET /hw1/ HTTP/1.1" 200 555
INFO 2023-10-03 15:34:03,162 basehttp 25768 42580 "GET /hw1/about/ HTTP/1.1" 200 502
WARNING 2023-10-03 15:34:03,194 log 25768 42580 Not Found: /django.jpg
WARNING 2023-10-03 15:34:03,195 basehttp 25768 42580 "GET /django.jpg HTTP/1.1" 404 3056
INFO 2023-10-03 15:34:03,662 basehttp 25768 42580 "GET /hw1/ HTTP/1.1" 200 555
INFO 2023-10-03 15:34:04,177 basehttp 25768 42580 "GET /hw1/about/ HTTP/1.1" 200 502
WARNING 2023-10-03 15:34:04,209 log 25768 42580 Not Found: /django.jpg
WARNING 2023-10-03 15:34:04,209 basehttp 25768 42580 "GET /django.jpg HTTP/1.1" 404 3056
INFO 2023-10-03 15:34:04,776 basehttp 25768 42580 "GET /hw1/ HTTP/1.1" 200 555
INFO 2023-10-03 15:34:05,748 basehttp 25768 42580 "GET /hw1/about/ HTTP/1.1" 200 502
WARNING 2023-10-03 15:34:05,779 log 25768 42580 Not Found: /django.jpg
WARNING 2023-10-03 15:34:05,781 basehttp 25768 42580 "GET /django.jpg HTTP/1.1" 404 3056
INFO 2023-10-03 15:34:06,390 basehttp 25768 42580 "GET /hw1/ HTTP/1.1" 200 555
INFO 2023-10-03 15:34:06,849 basehttp 25768 34540 "GET /hw1/about/ HTTP/1.1" 200 502
WARNING 2023-10-03 15:34:06,877 log 25768 34540 Not Found: /django.jpg
WARNING 2023-10-03 15:34:06,877 basehttp 25768 34540 "GET /django.jpg HTTP/1.1" 404 3056
INFO 2023-10-03 15:34:07,958 basehttp 25768 34540 "GET /hw1/about/ HTTP/1.1" 200 502
WARNING 2023-10-03 15:34:07,981 log 25768 34540 Not Found: /django.jpg
WARNING 2023-10-03 15:34:07,982 basehttp 25768 34540 "GET /django.jpg HTTP/1.1" 404 3056
INFO 2023-10-03 15:34:08,692 basehttp 25768 34540 "GET /hw1/ HTTP/1.1" 200 555
INFO 2023-10-03 15:34:09,214 basehttp 25768 34540 "GET /hw1/about/ HTTP/1.1" 200 502
WARNING 2023-10-03 15:34:09,246 log 25768 34540 Not Found: /django.jpg
WARNING 2023-10-03 15:34:09,247 basehttp 25768 34540 "GET /django.jpg HTTP/1.1" 404 3056
INFO 2023-10-03 15:34:09,714 basehttp 25768 34540 "GET /hw1/ HTTP/1.1" 200 555
INFO 2023-10-03 15:34:10,334 basehttp 25768 34540 "GET /hw1/about/ HTTP/1.1" 200 502
WARNING 2023-10-03 15:34:10,382 log 25768 34540 Not Found: /django.jpg
WARNING 2023-10-03 15:34:10,383 basehttp 25768 34540 "GET /django.jpg HTTP/1.1" 404 3056
INFO 2023-10-03 15:34:10,842 basehttp 25768 34540 "GET /hw1/ HTTP/1.1" 200 555
INFO 2023-10-03 15:34:11,550 basehttp 25768 34540 "GET /hw1/about/ HTTP/1.1" 200 502
WARNING 2023-10-03 15:34:11,577 log 25768 34540 Not Found: /django.jpg
WARNING 2023-10-03 15:34:11,578 basehttp 25768 34540 "GET /django.jpg HTTP/1.1" 404 3056
INFO 2023-10-03 15:43:06,963 basehttp 25768 24032 "GET /hw1/about/ HTTP/1.1" 200 502
WARNING 2023-10-03 15:43:07,007 log 25768 24032 Not Found: /django.jpg
WARNING 2023-10-03 15:43:07,008 basehttp 25768 24032 "GET /django.jpg HTTP/1.1" 404 3056
INFO 2023-10-03 15:43:07,745 basehttp 25768 32112 "GET /hw1/ HTTP/1.1" 200 555
INFO 2023-10-03 15:43:09,129 basehttp 25768 32112 "GET /hw1/about/ HTTP/1.1" 200 502
WARNING 2023-10-03 15:43:09,161 log 25768 32112 Not Found: /django.jpg
WARNING 2023-10-03 15:43:09,161 basehttp 25768 32112 "GET /django.jpg HTTP/1.1" 404 3056
INFO 2023-10-03 15:43:09,816 basehttp 25768 32112 "GET /hw1/ HTTP/1.1" 200 555
INFO 2023-10-03 16:10:33,447 basehttp 25768 39920 "GET /hw1/about/ HTTP/1.1" 200 502
WARNING 2023-10-03 16:10:33,531 log 25768 39920 Not Found: /django.jpg
WARNING 2023-10-03 16:10:33,532 basehttp 25768 39920 "GET /django.jpg HTTP/1.1" 404 3056
INFO 2023-10-03 16:10:37,729 basehttp 25768 30664 "GET /hw1/ HTTP/1.1" 200 555
INFO 2023-10-04 13:40:13,787 basehttp 25768 24420 "GET /hw1/about/ HTTP/1.1" 200 512
INFO 2023-10-04 13:40:14,769 basehttp 25768 24420 "GET /hw1/ HTTP/1.1" 200 555
INFO 2023-10-04 13:40:15,445 basehttp 25768 24420 "GET /hw1/about/ HTTP/1.1" 200 512
INFO 2023-10-04 13:40:19,478 basehttp 25768 26480 "GET /hw1/about/ HTTP/1.1" 200 512
INFO 2023-10-04 13:40:20,030 basehttp 25768 26480 "GET /hw1/ HTTP/1.1" 200 555
INFO 2023-10-05 22:54:39,374 autoreload 42672 19536 Watching for file changes with StatReloader
INFO 2023-10-05 22:56:07,553 basehttp 42672 17620 "GET / HTTP/1.1" 200 13
WARNING 2023-10-05 22:56:08,044 log 42672 17620 Not Found: /favicon.ico
WARNING 2023-10-05 22:56:08,045 basehttp 42672 17620 "GET /favicon.ico HTTP/1.1" 404 3059
ERROR 2023-10-05 22:56:37,491 log 42672 42076 Internal Server Error: /eagle/
Traceback (most recent call last):
  File "K:\GeekBrains\Python Web Development\Django\project\venv\Lib\site-packages\django\core\handlers\exception.py", line 55, in inner
    response = get_response(request)
               ^^^^^^^^^^^^^^^^^^^^^
  File "K:\GeekBrains\Python Web Development\Django\project\venv\Lib\site-packages\django\core\handlers\base.py", line 197, in _get_response
    response = wrapped_callback(request, *callback_args, **callback_kwargs)
               ^^^^^^^^^^^^^^^^^^^^^^^^^^^^^^^^^^^^^^^^^^^^^^^^^^^^^^^^^^^^
  File "K:\GeekBrains\Python Web Development\Django\project\mydjango\gemesapp\views.py", line 12, in eagle
    coil = Coil(is_eagle=response)
           ^^^^
NameError: name 'Coil' is not defined
ERROR 2023-10-05 22:56:37,492 basehttp 42672 42076 "GET /eagle/ HTTP/1.1" 500 68794
INFO 2023-10-05 22:57:24,586 autoreload 42672 19536 K:\GeekBrains\Python Web Development\Django\project\mydjango\gemesapp\views.py changed, reloading.
INFO 2023-10-05 22:57:26,453 autoreload 35640 15240 Watching for file changes with StatReloader
INFO 2023-10-05 22:57:54,213 autoreload 25304 15056 Watching for file changes with StatReloader
INFO 2023-10-05 23:01:35,146 autoreload 16408 26400 Watching for file changes with StatReloader
INFO 2023-10-05 23:02:52,069 autoreload 16408 26400 K:\GeekBrains\Python Web Development\Django\project\mydjango\gemesapp\views.py changed, reloading.
INFO 2023-10-05 23:02:52,615 autoreload 18332 33528 Watching for file changes with StatReloader
INFO 2023-10-05 23:02:58,601 basehttp 18332 23632 "GET / HTTP/1.1" 200 13
INFO 2023-10-05 23:03:08,404 views 18332 23632 Орел или решка: решка, время создания: 2023-10-05 20:03:08.327671+00:00
INFO 2023-10-05 23:03:08,405 basehttp 18332 23632 "GET /eagle/ HTTP/1.1" 200 73
INFO 2023-10-05 23:03:39,778 views 18332 8132 Орел или решка: орел, время создания: 2023-10-05 20:03:39.724353+00:00
INFO 2023-10-05 23:03:39,779 basehttp 18332 8132 "GET /eagle/ HTTP/1.1" 200 71
INFO 2023-10-05 23:03:41,022 views 18332 8132 Орел или решка: орел, время создания: 2023-10-05 20:03:40.959916+00:00
INFO 2023-10-05 23:03:41,023 basehttp 18332 8132 "GET /eagle/ HTTP/1.1" 200 71
INFO 2023-10-05 23:03:42,092 views 18332 8132 Орел или решка: орел, время создания: 2023-10-05 20:03:42.026818+00:00
INFO 2023-10-05 23:03:42,093 basehttp 18332 8132 "GET /eagle/ HTTP/1.1" 200 71
INFO 2023-10-05 23:03:45,210 views 18332 14236 Орел или решка: решка, время создания: 2023-10-05 20:03:45.157559+00:00
INFO 2023-10-05 23:03:45,211 basehttp 18332 14236 "GET /eagle/ HTTP/1.1" 200 73
INFO 2023-10-05 23:03:58,340 views 18332 30128 Орел или решка: орел, время создания: 2023-10-05 20:03:58.278849+00:00
INFO 2023-10-05 23:03:58,341 basehttp 18332 30128 "GET /eagle/ HTTP/1.1" 200 71
INFO 2023-10-05 23:07:24,984 autoreload 18332 33528 K:\GeekBrains\Python Web Development\Django\project\mydjango\myapp2\models.py changed, reloading.
INFO 2023-10-05 23:07:25,522 autoreload 33668 27424 Watching for file changes with StatReloader
INFO 2023-10-05 23:08:19,604 autoreload 33668 27424 K:\GeekBrains\Python Web Development\Django\project\mydjango\myapp2\models.py changed, reloading.
INFO 2023-10-05 23:08:20,282 autoreload 41348 20604 Watching for file changes with StatReloader
INFO 2023-10-05 23:10:19,209 autoreload 41348 20604 K:\GeekBrains\Python Web Development\Django\project\mydjango\myapp2\models.py changed, reloading.
INFO 2023-10-05 23:10:19,727 autoreload 10164 39880 Watching for file changes with StatReloader
INFO 2023-10-05 23:11:05,950 autoreload 10164 39880 K:\GeekBrains\Python Web Development\Django\project\mydjango\gemesapp\views.py changed, reloading.
INFO 2023-10-05 23:11:07,033 autoreload 23320 5608 Watching for file changes with StatReloader
INFO 2023-10-05 23:12:26,158 autoreload 23320 5608 K:\GeekBrains\Python Web Development\Django\project\mydjango\gemesapp\views.py changed, reloading.
INFO 2023-10-05 23:12:27,240 autoreload 10336 23928 Watching for file changes with StatReloader
INFO 2023-10-05 23:12:59,377 autoreload 10336 23928 K:\GeekBrains\Python Web Development\Django\project\mydjango\gemesapp\views.py changed, reloading.
INFO 2023-10-05 23:13:00,289 autoreload 9084 10320 Watching for file changes with StatReloader
INFO 2023-10-05 23:14:33,786 autoreload 9084 10320 K:\GeekBrains\Python Web Development\Django\project\mydjango\gemesapp\urls.py changed, reloading.
INFO 2023-10-05 23:14:34,624 autoreload 33636 20012 Watching for file changes with StatReloader
INFO 2023-10-05 23:14:55,542 autoreload 33636 20012 K:\GeekBrains\Python Web Development\Django\project\mydjango\gemesapp\urls.py changed, reloading.
INFO 2023-10-05 23:14:56,316 autoreload 24176 29056 Watching for file changes with StatReloader
INFO 2023-10-05 23:15:01,225 views 24176 32664 Орел или решка: решка, время создания: 2023-10-05 20:15:01.152300+00:00
INFO 2023-10-05 23:15:01,226 basehttp 24176 32664 "GET /eagle/ HTTP/1.1" 200 73
WARNING 2023-10-05 23:15:11,216 log 24176 19168 Not Found: /show_element/
WARNING 2023-10-05 23:15:11,216 basehttp 24176 19168 "GET /show_element/ HTTP/1.1" 404 3259
INFO 2023-10-05 23:15:20,683 basehttp 24176 32884 "GET /show_element/3 HTTP/1.1" 200 19
INFO 2023-10-05 23:15:54,413 autoreload 24176 29056 K:\GeekBrains\Python Web Development\Django\project\mydjango\myapp2\models.py changed, reloading.
INFO 2023-10-05 23:15:55,223 autoreload 27764 15316 Watching for file changes with StatReloader
INFO 2023-10-05 23:15:55,990 basehttp 27764 22820 "GET /show_element/3 HTTP/1.1" 200 16
INFO 2023-10-05 23:16:49,048 autoreload 27764 15316 K:\GeekBrains\Python Web Development\Django\project\mydjango\myapp2\models.py changed, reloading.
INFO 2023-10-05 23:16:49,598 autoreload 37096 28344 Watching for file changes with StatReloader
INFO 2023-10-05 23:17:51,855 autoreload 37096 28344 K:\GeekBrains\Python Web Development\Django\project\mydjango\myapp2\models.py changed, reloading.
INFO 2023-10-05 23:17:52,411 autoreload 25540 19552 Watching for file changes with StatReloader
INFO 2023-10-05 23:17:57,300 basehttp 25540 38964 "GET /show_element/3 HTTP/1.1" 200 262
INFO 2023-10-05 23:17:58,412 basehttp 25540 38964 "GET /show_element/3 HTTP/1.1" 200 262
INFO 2023-10-06 11:04:28,004 autoreload 25540 19552 K:\GeekBrains\Python Web Development\Django\project\mydjango\myapp2\models.py changed, reloading.
INFO 2023-10-06 11:04:30,024 autoreload 36532 34016 Watching for file changes with StatReloader
INFO 2023-10-06 11:04:48,609 autoreload 36532 34016 K:\GeekBrains\Python Web Development\Django\project\mydjango\myapp2\models.py changed, reloading.
INFO 2023-10-06 11:04:49,159 autoreload 38532 11644 Watching for file changes with StatReloader
INFO 2023-10-06 11:05:12,800 autoreload 38532 11644 K:\GeekBrains\Python Web Development\Django\project\mydjango\myapp2\models.py changed, reloading.
INFO 2023-10-06 11:05:13,364 autoreload 44336 41136 Watching for file changes with StatReloader
INFO 2023-10-06 11:05:56,442 autoreload 44336 41136 K:\GeekBrains\Python Web Development\Django\project\mydjango\myapp2\models.py changed, reloading.
INFO 2023-10-06 11:05:56,976 autoreload 42472 42756 Watching for file changes with StatReloader
INFO 2023-10-06 11:06:42,106 autoreload 42472 42756 K:\GeekBrains\Python Web Development\Django\project\mydjango\myapp2\models.py changed, reloading.
INFO 2023-10-06 11:06:42,907 autoreload 41388 42388 Watching for file changes with StatReloader
INFO 2023-10-06 11:06:43,383 basehttp 41388 32700 "GET /show_element/3 HTTP/1.1" 200 574
INFO 2023-10-06 11:08:54,948 autoreload 41388 42388 K:\GeekBrains\Python Web Development\Django\project\mydjango\myapp2\models.py changed, reloading.
INFO 2023-10-06 11:08:55,589 autoreload 17048 39640 Watching for file changes with StatReloader
INFO 2023-10-06 11:09:00,134 basehttp 17048 37156 "GET /show_element/3 HTTP/1.1" 200 256
INFO 2023-10-06 11:10:05,617 autoreload 17048 39640 K:\GeekBrains\Python Web Development\Django\project\mydjango\gemesapp\views.py changed, reloading.
INFO 2023-10-06 11:10:06,180 autoreload 17996 20336 Watching for file changes with StatReloader
INFO 2023-10-06 11:10:06,666 basehttp 17996 26948 "GET /show_element/3 HTTP/1.1" 200 241
INFO 2023-10-06 11:10:34,115 autoreload 17996 20336 K:\GeekBrains\Python Web Development\Django\project\mydjango\myapp2\models.py changed, reloading.
INFO 2023-10-06 11:10:34,686 autoreload 14024 10344 Watching for file changes with StatReloader
INFO 2023-10-06 11:10:35,599 basehttp 14024 37036 "GET /show_element/3 HTTP/1.1" 200 253
INFO 2023-10-06 12:11:43,523 autoreload 14024 10344 K:\GeekBrains\Python Web Development\Django\project\mydjango\myapp2\models.py changed, reloading.
INFO 2023-10-06 12:11:45,422 autoreload 3812 35600 Watching for file changes with StatReloader
INFO 2023-10-06 12:12:39,980 autoreload 3812 35600 K:\GeekBrains\Python Web Development\Django\project\mydjango\myapp2\models.py changed, reloading.
INFO 2023-10-06 12:12:40,756 autoreload 30204 18464 Watching for file changes with StatReloader
INFO 2023-10-06 12:13:29,341 autoreload 30204 18464 K:\GeekBrains\Python Web Development\Django\project\mydjango\myapp2\models.py changed, reloading.
INFO 2023-10-06 12:13:30,008 autoreload 36108 18376 Watching for file changes with StatReloader
INFO 2023-10-06 12:13:51,847 autoreload 36108 18376 K:\GeekBrains\Python Web Development\Django\project\mydjango\myapp2\models.py changed, reloading.
INFO 2023-10-06 12:13:52,466 autoreload 20404 7752 Watching for file changes with StatReloader
INFO 2023-10-06 12:14:04,385 basehttp 20404 17432 "GET /show_element/3 HTTP/1.1" 200 608
INFO 2023-10-06 12:14:09,322 basehttp 20404 44280 "GET /show_element/6 HTTP/1.1" 200 608
INFO 2023-10-06 16:00:07,598 autoreload 20404 7752 K:\GeekBrains\Python Web Development\Django\project\mydjango\myapp2\models.py changed, reloading.
INFO 2023-10-06 16:00:09,419 autoreload 15128 22044 Watching for file changes with StatReloader
INFO 2023-10-06 16:01:16,246 autoreload 15128 22044 K:\GeekBrains\Python Web Development\Django\project\mydjango\myapp2\models.py changed, reloading.
INFO 2023-10-06 16:01:17,095 autoreload 26380 15536 Watching for file changes with StatReloader
INFO 2023-10-06 16:01:43,167 autoreload 26380 15536 K:\GeekBrains\Python Web Development\Django\project\mydjango\myapp2\models.py changed, reloading.
INFO 2023-10-06 16:01:43,806 autoreload 41264 8852 Watching for file changes with StatReloader
INFO 2023-10-06 16:01:55,414 autoreload 41264 8852 K:\GeekBrains\Python Web Development\Django\project\mydjango\myapp2\models.py changed, reloading.
INFO 2023-10-06 16:01:56,138 autoreload 40420 1892 Watching for file changes with StatReloader
INFO 2023-10-06 16:02:21,156 autoreload 40420 1892 K:\GeekBrains\Python Web Development\Django\project\mydjango\myapp2\models.py changed, reloading.
INFO 2023-10-06 16:02:21,936 autoreload 42640 28880 Watching for file changes with StatReloader
INFO 2023-10-06 16:02:26,995 basehttp 42640 35612 "GET /show_element/6 HTTP/1.1" 200 32
INFO 2023-10-06 16:54:48,560 autoreload 11572 2676 Watching for file changes with StatReloader
ERROR 2023-10-06 16:54:54,163 log 11572 4980 Internal Server Error: /show_element/5
Traceback (most recent call last):
  File "K:\GeekBrains\Python Web Development\Django\project\venv\Lib\site-packages\django\core\handlers\exception.py", line 55, in inner
    response = get_response(request)
               ^^^^^^^^^^^^^^^^^^^^^
  File "K:\GeekBrains\Python Web Development\Django\project\venv\Lib\site-packages\django\core\handlers\base.py", line 197, in _get_response
    response = wrapped_callback(request, *callback_args, **callback_kwargs)
               ^^^^^^^^^^^^^^^^^^^^^^^^^^^^^^^^^^^^^^^^^^^^^^^^^^^^^^^^^^^^
  File "K:\GeekBrains\Python Web Development\Django\project\mydjango\gemesapp\views.py", line 20, in show_element
    return HttpResponse (f'{Coil.counter(n)}')
                            ^^^^^^^^^^^^^^^
  File "K:\GeekBrains\Python Web Development\Django\project\mydjango\myapp2\models.py", line 19, in counter
    coins = Coil.objects.all()[:-n]
            ~~~~~~~~~~~~~~~~~~^^^^^
  File "K:\GeekBrains\Python Web Development\Django\project\venv\Lib\site-packages\django\db\models\query.py", line 429, in __getitem__
    raise ValueError("Negative indexing is not supported.")
ValueError: Negative indexing is not supported.
ERROR 2023-10-06 16:54:54,165 basehttp 11572 4980 "GET /show_element/5 HTTP/1.1" 500 76659
WARNING 2023-10-06 16:54:54,620 log 11572 4980 Not Found: /favicon.ico
WARNING 2023-10-06 16:54:54,621 basehttp 11572 4980 "GET /favicon.ico HTTP/1.1" 404 3253
INFO 2023-10-06 16:56:31,221 autoreload 11572 2676 K:\GeekBrains\Python Web Development\Django\project\mydjango\myapp2\models.py changed, reloading.
INFO 2023-10-06 16:56:32,248 autoreload 10484 9104 Watching for file changes with StatReloader
INFO 2023-10-06 16:57:09,698 autoreload 10484 9104 K:\GeekBrains\Python Web Development\Django\project\mydjango\myapp2\models.py changed, reloading.
INFO 2023-10-06 16:57:10,554 autoreload 7624 12712 Watching for file changes with StatReloader
INFO 2023-10-06 16:57:11,097 basehttp 7624 9760 "GET /show_element/5 HTTP/1.1" 200 32
INFO 2023-10-06 16:57:27,536 basehttp 7624 9760 "GET /show_element/8 HTTP/1.1" 200 32
INFO 2023-10-06 16:57:31,623 basehttp 7624 9760 "GET /show_element/8 HTTP/1.1" 200 32
INFO 2023-10-06 16:57:35,647 basehttp 7624 9760 "GET /show_element/9 HTTP/1.1" 200 32
INFO 2023-10-06 16:57:39,729 basehttp 7624 9760 "GET /show_element/9 HTTP/1.1" 200 32
INFO 2023-10-06 16:57:43,148 basehttp 7624 9760 "GET /show_element/3 HTTP/1.1" 200 32
INFO 2023-10-06 17:01:10,778 autoreload 7624 12712 K:\GeekBrains\Python Web Development\Django\project\mydjango\myapp2\models.py changed, reloading.
INFO 2023-10-06 17:01:11,676 autoreload 14944 14808 Watching for file changes with StatReloader
INFO 2023-10-06 17:01:41,749 autoreload 14944 14808 K:\GeekBrains\Python Web Development\Django\project\mydjango\myapp2\models.py changed, reloading.
INFO 2023-10-06 17:01:42,444 autoreload 3832 2108 Watching for file changes with StatReloader
INFO 2023-10-06 17:02:09,651 autoreload 3832 2108 K:\GeekBrains\Python Web Development\Django\project\mydjango\myapp2\models.py changed, reloading.
INFO 2023-10-06 17:02:10,413 autoreload 14588 12080 Watching for file changes with StatReloader
INFO 2023-10-06 18:18:43,622 autoreload 14588 12080 K:\GeekBrains\Python Web Development\Django\project\mydjango\myapp2\models.py changed, reloading.
INFO 2023-10-06 18:18:45,639 autoreload 19288 19044 Watching for file changes with StatReloader
